# JRE version: OpenJDK Runtime Environment (11.0.15) (build 11.0.15+0-b2043.56-9505619)
# Java VM: OpenJDK 64-Bit Server VM (11.0.15+0-b2043.56-9505619, mixed mode, tiered, compressed oops, g1 gc, windows-amd64)
Heap:
 garbage-first heap   total 201728K, used 145403K [0x00000000a0000000, 0x0000000100000000)
  region size 1024K, 13 young (13312K), 3 survivors (3072K)
 Metaspace       used 93542K, capacity 97266K, committed 97616K, reserved 1134592K
  class space    used 12255K, capacity 13444K, committed 13568K, reserved 1048576K
GC Heap History (20 events):
Event: 21.879 GC heap before
{Heap before GC invocations=61 (full 0):
 garbage-first heap   total 167936K, used 118207K [0x00000000a0000000, 0x0000000100000000)
  region size 1024K, 31 young (31744K), 5 survivors (5120K)
 Metaspace       used 80904K, capacity 83527K, committed 83792K, reserved 1122304K
  class space    used 10564K, capacity 11481K, committed 11520K, reserved 1048576K
}
Event: 21.884 GC heap after
{Heap after GC invocations=62 (full 0):
 garbage-first heap   total 167936K, used 94446K [0x00000000a0000000, 0x0000000100000000)
  region size 1024K, 4 young (4096K), 4 survivors (4096K)
 Metaspace       used 80904K, capacity 83527K, committed 83792K, reserved 1122304K
  class space    used 10564K, capacity 11481K, committed 11520K, reserved 1048576K
}
Event: 22.482 GC heap before
{Heap before GC invocations=62 (full 0):
 garbage-first heap   total 167936K, used 121070K [0x00000000a0000000, 0x0000000100000000)
  region size 1024K, 31 young (31744K), 4 survivors (4096K)
 Metaspace       used 81389K, capacity 84526K, committed 84688K, reserved 1122304K
  class space    used 10615K, capacity 11600K, committed 11648K, reserved 1048576K
}
Event: 22.492 GC heap after
{Heap after GC invocations=63 (full 0):
 garbage-first heap   total 167936K, used 98750K [0x00000000a0000000, 0x0000000100000000)
  region size 1024K, 4 young (4096K), 4 survivors (4096K)
 Metaspace       used 81389K, capacity 84526K, committed 84688K, reserved 1122304K
  class space    used 10615K, capacity 11600K, committed 11648K, reserved 1048576K
}
Event: 22.774 GC heap before
{Heap before GC invocations=64 (full 0):
 garbage-first heap   total 167936K, used 103870K [0x00000000a0000000, 0x0000000100000000)
  region size 1024K, 11 young (11264K), 4 survivors (4096K)
 Metaspace       used 81475K, capacity 84661K, committed 84688K, reserved 1122304K
  class space    used 10632K, capacity 11645K, committed 11648K, reserved 1048576K
}
Event: 22.786 GC heap after
{Heap after GC invocations=65 (full 0):
 garbage-first heap   total 201728K, used 102006K [0x00000000a0000000, 0x0000000100000000)
  region size 1024K, 4 young (4096K), 4 survivors (4096K)
 Metaspace       used 81475K, capacity 84661K, committed 84688K, reserved 1122304K
  class space    used 10632K, capacity 11645K, committed 11648K, reserved 1048576K
}
Event: 23.271 GC heap before
{Heap before GC invocations=66 (full 0):
 garbage-first heap   total 201728K, used 122486K [0x00000000a0000000, 0x0000000100000000)
  region size 1024K, 23 young (23552K), 4 survivors (4096K)
 Metaspace       used 81722K, capacity 85005K, committed 85328K, reserved 1122304K
  class space    used 10659K, capacity 11706K, committed 11776K, reserved 1048576K
}
Event: 23.281 GC heap after
{Heap after GC invocations=67 (full 0):
 garbage-first heap   total 201728K, used 107394K [0x00000000a0000000, 0x0000000100000000)
  region size 1024K, 6 young (6144K), 6 survivors (6144K)
 Metaspace       used 81722K, capacity 85005K, committed 85328K, reserved 1122304K
  class space    used 10659K, capacity 11706K, committed 11776K, reserved 1048576K
}
Event: 24.059 GC heap before
{Heap before GC invocations=68 (full 0):
 garbage-first heap   total 201728K, used 147330K [0x00000000a0000000, 0x0000000100000000)
  region size 1024K, 44 young (45056K), 6 survivors (6144K)
 Metaspace       used 83763K, capacity 87125K, committed 87376K, reserved 1124352K
  class space    used 10946K, capacity 12017K, committed 12032K, reserved 1048576K
}
Event: 24.066 GC heap after
{Heap after GC invocations=69 (full 0):
 garbage-first heap   total 201728K, used 114959K [0x00000000a0000000, 0x0000000100000000)
  region size 1024K, 6 young (6144K), 6 survivors (6144K)
 Metaspace       used 83763K, capacity 87125K, committed 87376K, reserved 1124352K
  class space    used 10946K, capacity 12017K, committed 12032K, reserved 1048576K
}
Event: 24.981 GC heap before
{Heap before GC invocations=69 (full 0):
 garbage-first heap   total 201728K, used 151823K [0x00000000a0000000, 0x0000000100000000)
  region size 1024K, 42 young (43008K), 6 survivors (6144K)
 Metaspace       used 88083K, capacity 91567K, committed 91600K, reserved 1128448K
  class space    used 11547K, capacity 12651K, committed 12672K, reserved 1048576K
}
Event: 24.989 GC heap after
{Heap after GC invocations=70 (full 0):
 garbage-first heap   total 201728K, used 117103K [0x00000000a0000000, 0x0000000100000000)
  region size 1024K, 3 young (3072K), 3 survivors (3072K)
 Metaspace       used 88083K, capacity 91567K, committed 91600K, reserved 1128448K
  class space    used 11547K, capacity 12651K, committed 12672K, reserved 1048576K
}
Event: 25.686 GC heap before
{Heap before GC invocations=71 (full 0):
 garbage-first heap   total 201728K, used 154991K [0x00000000a0000000, 0x0000000100000000)
  region size 1024K, 40 young (40960K), 3 survivors (3072K)
 Metaspace       used 90447K, capacity 93950K, committed 94288K, reserved 1130496K
  class space    used 11829K, capacity 12937K, committed 13056K, reserved 1048576K
}
Event: 25.692 GC heap after
{Heap after GC invocations=72 (full 0):
 garbage-first heap   total 201728K, used 120483K [0x00000000a0000000, 0x0000000100000000)
  region size 1024K, 5 young (5120K), 5 survivors (5120K)
 Metaspace       used 90447K, capacity 93950K, committed 94288K, reserved 1130496K
  class space    used 11829K, capacity 12937K, committed 13056K, reserved 1048576K
}
Event: 26.344 GC heap before
{Heap before GC invocations=72 (full 0):
 garbage-first heap   total 201728K, used 158371K [0x00000000a0000000, 0x0000000100000000)
  region size 1024K, 42 young (43008K), 5 survivors (5120K)
 Metaspace       used 91302K, capacity 94804K, committed 95056K, reserved 1132544K
  class space    used 11910K, capacity 13015K, committed 13056K, reserved 1048576K
}
Event: 26.358 GC heap after
{Heap after GC invocations=73 (full 0):
 garbage-first heap   total 201728K, used 128611K [0x00000000a0000000, 0x0000000100000000)
  region size 1024K, 6 young (6144K), 6 survivors (6144K)
 Metaspace       used 91302K, capacity 94804K, committed 95056K, reserved 1132544K
  class space    used 11910K, capacity 13015K, committed 13056K, reserved 1048576K
}
Event: 26.977 GC heap before
{Heap before GC invocations=74 (full 0):
 garbage-first heap   total 201728K, used 162403K [0x00000000a0000000, 0x0000000100000000)
  region size 1024K, 39 young (39936K), 6 survivors (6144K)
 Metaspace       used 92741K, capacity 96302K, committed 96336K, reserved 1132544K
  class space    used 12121K, capacity 13293K, committed 13312K, reserved 1048576K
}
Event: 26.986 GC heap after
{Heap after GC invocations=75 (full 0):
 garbage-first heap   total 201728K, used 133173K [0x00000000a0000000, 0x0000000100000000)
  region size 1024K, 5 young (5120K), 5 survivors (5120K)
 Metaspace       used 92741K, capacity 96302K, committed 96336K, reserved 1132544K
  class space    used 12121K, capacity 13293K, committed 13312K, reserved 1048576K
}
Event: 27.893 GC heap before
{Heap before GC invocations=75 (full 0):
 garbage-first heap   total 201728K, used 163893K [0x00000000a0000000, 0x0000000100000000)
  region size 1024K, 36 young (36864K), 5 survivors (5120K)
 Metaspace       used 93034K, capacity 96664K, committed 96976K, reserved 1132544K
  class space    used 12174K, capacity 13372K, committed 13440K, reserved 1048576K
}
Event: 27.899 GC heap after
{Heap after GC invocations=76 (full 0):
 garbage-first heap   total 201728K, used 136187K [0x00000000a0000000, 0x0000000100000000)
  region size 1024K, 3 young (3072K), 3 survivors (3072K)
 Metaspace       used 93034K, capacity 96664K, committed 96976K, reserved 1132544K
  class space    used 12174K, capacity 13372K, committed 13440K, reserved 1048576K
}

